TN:
SF:__tests__/joiErrorFactory.ts
FN:3,joiErrorFactory
FNF:1
FNH:1
FNDA:10,joiErrorFactory
DA:1,1
DA:2,1
DA:3,1
DA:4,10
DA:5,10
DA:6,10
DA:7,10
DA:8,10
DA:9,1
DA:10,1
LF:10
LH:10
BRDA:3,0,0,10
BRF:1
BRH:1
end_of_record
TN:
SF:__tests__/mocks/bodys.ts
FNF:0
FNH:0
DA:1,1
DA:2,1
DA:3,1
DA:4,1
DA:5,1
DA:6,1
DA:7,1
DA:8,1
DA:9,1
DA:10,1
DA:11,1
DA:12,1
DA:13,1
DA:14,1
DA:15,1
DA:16,1
DA:17,1
DA:18,1
DA:19,1
DA:20,1
DA:21,1
DA:22,1
DA:23,1
DA:24,1
DA:25,1
DA:26,1
DA:27,1
DA:28,1
DA:29,1
DA:30,1
DA:31,1
DA:32,1
DA:33,1
DA:34,1
DA:35,1
DA:36,1
DA:37,1
DA:38,1
DA:39,1
DA:40,1
DA:41,1
DA:42,1
DA:43,1
DA:44,1
DA:45,1
DA:46,1
DA:47,1
DA:48,1
DA:49,1
DA:50,1
DA:51,1
DA:52,1
DA:53,1
DA:54,1
DA:55,1
DA:56,1
DA:57,1
DA:58,1
DA:59,1
DA:60,1
DA:61,1
DA:62,1
DA:63,1
DA:64,1
DA:65,1
DA:66,1
DA:67,1
DA:68,1
DA:69,1
DA:70,1
DA:71,1
DA:72,1
DA:73,1
DA:74,1
DA:75,1
DA:76,1
DA:77,1
DA:78,1
DA:79,1
DA:80,1
DA:81,1
DA:82,1
DA:83,1
DA:84,1
DA:85,1
DA:86,1
DA:87,1
DA:88,1
DA:89,1
DA:90,1
DA:91,1
DA:92,1
LF:92
LH:92
BRF:0
BRH:0
end_of_record
TN:
SF:__tests__/mocks/db.ts
FN:4,connection
FNF:1
FNH:1
FNDA:2,connection
DA:1,1
DA:2,1
DA:3,1
DA:4,1
DA:5,2
DA:6,2
DA:7,2
DA:8,2
DA:9,2
DA:10,1
DA:11,1
LF:11
LH:11
BRDA:4,0,0,2
BRF:1
BRH:1
end_of_record
TN:
SF:__tests__/mocks/encryptDecrypt.ts
FN:1,encryptAndDecryptMock
FNF:1
FNH:1
FNDA:6,encryptAndDecryptMock
DA:1,1
DA:2,1
DA:3,1
LF:3
LH:3
BRDA:1,0,0,6
BRF:1
BRH:1
end_of_record
TN:
SF:src/application/joiSchemas/task.ts
FNF:0
FNH:0
DA:1,1
DA:2,1
DA:3,1
DA:4,1
DA:5,1
DA:6,1
DA:7,1
DA:8,1
DA:9,1
DA:10,1
DA:11,1
DA:12,1
DA:13,1
DA:14,1
DA:15,1
DA:16,1
LF:16
LH:16
BRF:0
BRH:0
end_of_record
TN:
SF:src/application/joiSchemas/user.ts
FNF:0
FNH:0
DA:1,1
DA:2,1
DA:3,1
DA:4,1
DA:5,1
DA:6,1
DA:7,1
DA:8,1
DA:9,1
DA:10,1
DA:11,1
DA:12,1
DA:13,1
DA:14,1
DA:15,1
DA:16,1
DA:17,1
DA:18,1
DA:19,1
DA:20,1
DA:21,1
LF:21
LH:21
BRF:0
BRH:0
end_of_record
TN:
SF:src/application/services/TaskService.ts
FN:9,TaskService
FN:16,create
FN:25,find
FN:29,findAllByUser
FN:33,findById
FN:37,update
FN:46,delete
FNF:7
FNH:7
FNDA:8,TaskService
FNDA:2,create
FNDA:1,find
FNDA:1,findAllByUser
FNDA:1,findById
FNDA:2,update
FNDA:1,delete
DA:1,1
DA:2,1
DA:3,1
DA:4,1
DA:5,1
DA:6,1
DA:7,1
DA:8,1
DA:9,1
DA:10,8
DA:11,8
DA:12,8
DA:13,8
DA:14,8
DA:15,1
DA:16,1
DA:17,2
DA:18,2
DA:19,1
DA:20,1
DA:21,1
DA:22,1
DA:23,1
DA:24,1
DA:25,1
DA:26,1
DA:27,1
DA:28,1
DA:29,1
DA:30,1
DA:31,1
DA:32,1
DA:33,1
DA:34,1
DA:35,1
DA:36,1
DA:37,1
DA:38,2
DA:39,2
DA:40,1
DA:41,1
DA:42,1
DA:43,1
DA:44,1
DA:45,1
DA:46,1
DA:47,1
DA:48,1
DA:49,1
DA:50,1
DA:51,1
LF:51
LH:51
BRDA:9,0,0,8
BRDA:16,1,0,2
BRDA:18,2,0,1
BRDA:25,3,0,1
BRDA:29,4,0,1
BRDA:33,5,0,1
BRDA:37,6,0,2
BRDA:39,7,0,1
BRDA:46,8,0,1
BRF:9
BRH:9
end_of_record
TN:
SF:src/application/services/TokenService.ts
FN:17,TokenService
FN:27,generate
FN:31,validate
FNF:3
FNH:3
FNDA:4,TokenService
FNDA:1,generate
FNDA:3,validate
DA:1,1
DA:2,1
DA:3,1
DA:4,1
DA:5,1
DA:6,1
DA:7,1
DA:8,1
DA:9,1
DA:10,1
DA:11,1
DA:12,1
DA:13,1
DA:14,1
DA:15,1
DA:16,1
DA:17,1
DA:18,4
DA:19,4
DA:20,4
DA:21,4
DA:22,4
DA:23,4
DA:24,4
DA:25,4
DA:26,1
DA:27,1
DA:28,1
DA:29,1
DA:30,1
DA:31,1
DA:32,3
DA:33,1
DA:34,1
DA:35,3
DA:36,3
DA:37,3
DA:38,3
DA:39,3
DA:40,1
DA:41,1
DA:42,3
DA:43,1
DA:44,1
DA:45,1
LF:45
LH:45
BRDA:17,0,0,4
BRDA:27,1,0,1
BRDA:31,2,0,3
BRDA:32,3,0,1
BRDA:39,4,0,1
BRF:5
BRH:5
end_of_record
TN:
SF:src/application/services/UserService.ts
FN:9,UserService
FN:20,signin
FN:28,create
FN:36,find
FN:40,findById
FN:44,update
FN:52,delete
FNF:7
FNH:7
FNDA:9,UserService
FNDA:2,signin
FNDA:2,create
FNDA:1,find
FNDA:1,findById
FNDA:2,update
FNDA:1,delete
DA:1,1
DA:2,1
DA:3,1
DA:4,1
DA:5,1
DA:6,1
DA:7,1
DA:8,1
DA:9,1
DA:10,9
DA:11,9
DA:12,9
DA:13,9
DA:14,9
DA:15,9
DA:16,9
DA:17,9
DA:18,9
DA:19,1
DA:20,1
DA:21,2
DA:22,2
DA:23,1
DA:24,1
DA:25,1
DA:26,1
DA:27,1
DA:28,1
DA:29,2
DA:30,2
DA:31,1
DA:32,1
DA:33,1
DA:34,1
DA:35,1
DA:36,1
DA:37,1
DA:38,1
DA:39,1
DA:40,1
DA:41,1
DA:42,1
DA:43,1
DA:44,1
DA:45,2
DA:46,2
DA:47,1
DA:48,1
DA:49,1
DA:50,1
DA:51,1
DA:52,1
DA:53,1
DA:54,1
DA:55,1
DA:56,1
DA:57,1
LF:57
LH:57
BRDA:9,0,0,9
BRDA:20,1,0,2
BRDA:22,2,0,1
BRDA:28,3,0,2
BRDA:30,4,0,1
BRDA:36,5,0,1
BRDA:40,6,0,1
BRDA:44,7,0,2
BRDA:46,8,0,1
BRDA:52,9,0,1
BRF:10
BRH:10
end_of_record
TN:
SF:src/application/services/index.ts
FN:1,get
FN:2,get
FN:3,get
FNF:3
FNH:3
FNDA:4,get
FNDA:9,get
FNDA:8,get
DA:1,1
DA:2,1
DA:3,1
LF:3
LH:3
BRDA:1,0,0,4
BRDA:2,1,0,9
BRDA:3,2,0,8
BRF:3
BRH:3
end_of_record
TN:
SF:src/application/validators/BaseValidator.ts
FN:4,BaseValidator
FN:9,create
FN:13,update
FNF:3
FNH:3
FNDA:10,BaseValidator
FNDA:4,create
FNDA:4,update
DA:1,1
DA:2,1
DA:3,1
DA:4,1
DA:5,10
DA:6,10
DA:7,10
DA:8,1
DA:9,1
DA:10,4
DA:11,4
DA:12,1
DA:13,1
DA:14,4
DA:15,4
DA:16,1
DA:17,1
DA:18,1
LF:18
LH:18
BRDA:4,0,0,10
BRDA:9,1,0,4
BRDA:13,2,0,4
BRF:3
BRH:3
end_of_record
TN:
SF:src/application/validators/TaskValidator.ts
FN:7,TaskValidator
FNF:1
FNH:1
FNDA:4,TaskValidator
DA:1,1
DA:2,1
DA:3,1
DA:4,1
DA:5,1
DA:6,1
DA:7,1
DA:8,4
DA:9,4
DA:10,4
DA:11,4
DA:12,4
DA:13,1
DA:14,1
DA:15,1
LF:15
LH:15
BRDA:7,0,0,4
BRF:1
BRH:1
end_of_record
TN:
SF:src/application/validators/UserValidator.ts
FN:7,UserValidator
FN:15,create
FN:19,update
FN:23,signin
FNF:4
FNH:4
FNDA:6,UserValidator
FNDA:2,create
FNDA:2,update
FNDA:2,signin
DA:1,1
DA:2,1
DA:3,1
DA:4,1
DA:5,1
DA:6,1
DA:7,1
DA:8,6
DA:9,6
DA:10,6
DA:11,6
DA:12,6
DA:13,6
DA:14,1
DA:15,1
DA:16,2
DA:17,2
DA:18,1
DA:19,1
DA:20,2
DA:21,2
DA:22,1
DA:23,1
DA:24,2
DA:25,2
DA:26,1
DA:27,1
DA:28,1
LF:28
LH:28
BRDA:7,0,0,6
BRDA:15,1,0,2
BRDA:19,2,0,2
BRDA:23,3,0,2
BRF:4
BRH:4
end_of_record
TN:
SF:src/application/validators/index.ts
FN:1,get
FN:2,get
FNF:2
FNH:2
FNDA:8,get
FNDA:6,get
DA:1,1
DA:2,1
LF:2
LH:2
BRDA:1,0,0,8
BRDA:2,1,0,6
BRF:2
BRH:2
end_of_record
TN:
SF:src/data/models/BaseModel.ts
FN:14,BaseModel
FN:19,findOne
FN:26,findAll
FN:32,create
FN:44,find
FN:49,findById
FN:59,update
FN:81,delete
FNF:8
FNH:8
FNDA:2,BaseModel
FNDA:4,findOne
FNDA:2,findAll
FNDA:2,create
FNDA:2,find
FNDA:8,findById
FNDA:6,update
FNDA:6,delete
DA:1,1
DA:2,1
DA:3,1
DA:4,1
DA:5,1
DA:6,1
DA:7,1
DA:8,1
DA:9,1
DA:10,1
DA:11,1
DA:12,1
DA:13,1
DA:14,1
DA:15,2
DA:16,2
DA:17,1
DA:18,1
DA:19,1
DA:20,4
DA:21,4
DA:22,2
DA:23,2
DA:24,2
DA:25,1
DA:26,1
DA:27,2
DA:28,2
DA:29,2
DA:30,1
DA:31,1
DA:32,1
DA:33,2
DA:34,2
DA:35,2
DA:36,2
DA:37,2
DA:38,2
DA:39,2
DA:40,2
DA:41,2
DA:42,2
DA:43,1
DA:44,1
DA:45,2
DA:46,2
DA:47,2
DA:48,1
DA:49,1
DA:50,8
DA:51,8
DA:52,8
DA:53,8
DA:54,8
DA:55,3
DA:56,3
DA:57,3
DA:58,1
DA:59,1
DA:60,6
DA:61,6
DA:62,6
DA:63,6
DA:64,6
DA:65,2
DA:66,2
DA:67,2
DA:68,2
DA:69,2
DA:70,2
DA:71,2
DA:72,2
DA:73,2
DA:74,2
DA:75,2
DA:76,2
DA:77,2
DA:78,2
DA:79,2
DA:80,1
DA:81,1
DA:82,6
DA:83,4
DA:84,4
DA:85,4
DA:86,6
DA:87,2
DA:88,2
DA:89,2
DA:90,2
DA:91,2
DA:92,2
DA:93,1
DA:94,1
DA:95,1
LF:95
LH:95
BRDA:14,0,0,2
BRDA:19,1,0,4
BRDA:21,2,0,2
BRDA:26,3,0,2
BRDA:28,4,0,4
BRDA:32,5,0,2
BRDA:44,6,0,2
BRDA:46,7,0,5
BRDA:49,8,0,8
BRDA:50,9,0,2
BRDA:54,10,0,3
BRDA:59,11,0,6
BRDA:60,12,0,2
BRDA:64,13,0,2
BRDA:81,14,0,6
BRDA:82,15,0,2
BRDA:83,16,0,4
BRDA:86,17,0,2
BRF:18
BRH:18
end_of_record
TN:
SF:src/data/models/TaskModel.ts
FN:7,TaskModel
FN:11,findAllByUser
FNF:2
FNH:2
FNDA:1,TaskModel
FNDA:3,findAllByUser
DA:1,1
DA:2,1
DA:3,1
DA:4,1
DA:5,1
DA:6,1
DA:7,1
DA:8,1
DA:9,1
DA:10,1
DA:11,1
DA:12,3
DA:13,3
DA:14,3
DA:15,1
DA:16,1
DA:17,1
LF:17
LH:17
BRDA:7,0,0,1
BRDA:11,1,0,3
BRDA:12,2,0,1
BRF:3
BRH:3
end_of_record
TN:
SF:src/data/models/UserModel.ts
FN:13,UserModel
FN:19,findByEmail
FN:23,findByCredentials
FN:29,create
FN:35,update
FNF:5
FNH:5
FNDA:1,UserModel
FNDA:2,findByEmail
FNDA:2,findByCredentials
FNDA:1,create
FNDA:3,update
DA:1,1
DA:2,1
DA:3,1
DA:4,1
DA:5,1
DA:6,1
DA:7,1
DA:8,1
DA:9,1
DA:10,1
DA:11,1
DA:12,1
DA:13,1
DA:14,1
DA:15,1
DA:16,1
DA:17,1
DA:18,1
DA:19,1
DA:20,2
DA:21,2
DA:22,1
DA:23,1
DA:24,2
DA:25,2
DA:26,1
DA:27,1
DA:28,1
DA:29,1
DA:30,1
DA:31,1
DA:32,1
DA:33,1
DA:34,1
DA:35,1
DA:36,3
DA:37,2
DA:38,2
DA:39,2
DA:40,3
DA:41,3
DA:42,3
DA:43,1
DA:44,1
DA:45,1
LF:45
LH:45
BRDA:13,0,0,1
BRDA:19,1,0,2
BRDA:23,2,0,2
BRDA:25,3,0,1
BRDA:25,4,0,1
BRDA:29,5,0,1
BRDA:35,6,0,3
BRDA:36,7,0,2
BRF:8
BRH:8
end_of_record
TN:
SF:src/data/models/index.ts
FN:1,get
FN:2,get
FNF:2
FNH:2
FNDA:3,get
FNDA:3,get
DA:1,1
DA:2,1
LF:2
LH:2
BRDA:1,0,0,3
BRDA:2,1,0,3
BRF:2
BRH:2
end_of_record
TN:
SF:src/data/structs/DataErrorStruct.ts
FN:4,DataErrorStruct
FNF:1
FNH:1
FNDA:9,DataErrorStruct
DA:1,1
DA:2,1
DA:3,1
DA:4,1
DA:5,1
DA:6,1
DA:7,1
LF:7
LH:7
BRDA:4,0,0,9
BRF:1
BRH:1
end_of_record
TN:
SF:src/entities/builders/RequestErrorBuilder.ts
FN:6,RequestErrorBuilder
FNF:1
FNH:1
FNDA:7,RequestErrorBuilder
DA:1,1
DA:2,1
DA:3,1
DA:4,1
DA:5,1
DA:6,1
DA:7,7
DA:8,7
DA:9,7
DA:10,1
DA:11,1
DA:12,1
LF:12
LH:12
BRDA:6,0,0,7
BRF:1
BRH:1
end_of_record
TN:
SF:src/entities/builders/RouteBuilder.ts
FN:28,RouteBuilder
FN:42,build
FNF:2
FNH:0
FNDA:0,RouteBuilder
FNDA:0,build
DA:1,1
DA:2,1
DA:3,1
DA:4,1
DA:5,1
DA:6,1
DA:7,1
DA:8,1
DA:9,1
DA:10,1
DA:11,1
DA:12,1
DA:13,1
DA:14,1
DA:15,1
DA:16,1
DA:17,1
DA:18,1
DA:19,1
DA:20,1
DA:21,1
DA:22,1
DA:23,1
DA:24,1
DA:25,1
DA:26,1
DA:27,1
DA:28,1
DA:29,0
DA:30,0
DA:31,0
DA:32,0
DA:33,0
DA:34,0
DA:35,0
DA:36,0
DA:37,0
DA:38,0
DA:39,0
DA:40,0
DA:41,1
DA:42,1
DA:43,0
DA:44,0
DA:45,1
DA:46,1
DA:47,1
LF:47
LH:33
BRF:0
BRH:0
end_of_record
TN:
SF:src/entities/builders/index.ts
FN:1,get
FN:2,get
FNF:2
FNH:1
FNDA:0,get
FNDA:2,get
DA:1,1
DA:2,1
LF:2
LH:2
BRDA:2,0,0,2
BRF:1
BRH:1
end_of_record
TN:
SF:src/entities/repositories/TaskRepository.ts
FN:10,TaskRepository
FN:14,create
FN:18,find
FN:22,findAllByUser
FN:26,findById
FN:32,update
FN:38,delete
FNF:7
FNH:7
FNDA:9,TaskRepository
FNDA:1,create
FNDA:1,find
FNDA:1,findAllByUser
FNDA:2,findById
FNDA:2,update
FNDA:2,delete
DA:1,1
DA:2,1
DA:3,1
DA:4,1
DA:5,1
DA:6,1
DA:7,1
DA:8,1
DA:9,1
DA:10,1
DA:11,9
DA:12,9
DA:13,1
DA:14,1
DA:15,1
DA:16,1
DA:17,1
DA:18,1
DA:19,1
DA:20,1
DA:21,1
DA:22,1
DA:23,1
DA:24,1
DA:25,1
DA:26,1
DA:27,2
DA:28,2
DA:29,1
DA:30,1
DA:31,1
DA:32,1
DA:33,2
DA:34,2
DA:35,1
DA:36,1
DA:37,1
DA:38,1
DA:39,2
DA:40,2
DA:41,1
DA:42,1
DA:43,1
DA:44,1
DA:45,1
LF:45
LH:45
BRDA:10,0,0,9
BRDA:14,1,0,1
BRDA:18,2,0,1
BRDA:22,3,0,1
BRDA:26,4,0,2
BRDA:28,5,0,1
BRDA:32,6,0,2
BRDA:34,7,0,1
BRDA:38,8,0,2
BRDA:40,9,0,1
BRF:10
BRH:10
end_of_record
TN:
SF:src/entities/repositories/UserRepository.ts
FN:10,UserRepository
FN:14,create
FN:25,find
FN:29,findById
FN:35,findByCredentials
FN:41,update
FN:56,delete
FNF:7
FNH:7
FNDA:12,UserRepository
FNDA:2,create
FNDA:1,find
FNDA:2,findById
FNDA:2,findByCredentials
FNDA:3,update
FNDA:2,delete
DA:1,1
DA:2,1
DA:3,1
DA:4,1
DA:5,1
DA:6,1
DA:7,1
DA:8,1
DA:9,1
DA:10,1
DA:11,12
DA:12,12
DA:13,1
DA:14,1
DA:15,2
DA:16,2
DA:17,1
DA:18,1
DA:19,1
DA:20,1
DA:21,1
DA:22,1
DA:23,1
DA:24,1
DA:25,1
DA:26,1
DA:27,1
DA:28,1
DA:29,1
DA:30,2
DA:31,2
DA:32,1
DA:33,1
DA:34,1
DA:35,1
DA:36,2
DA:37,2
DA:38,1
DA:39,1
DA:40,1
DA:41,1
DA:42,3
DA:43,3
DA:44,3
DA:45,1
DA:46,1
DA:47,1
DA:48,1
DA:49,1
DA:50,3
DA:51,2
DA:52,3
DA:53,1
DA:54,1
DA:55,1
DA:56,1
DA:57,2
DA:58,2
DA:59,1
DA:60,1
DA:61,1
DA:62,1
DA:63,1
LF:63
LH:63
BRDA:10,0,0,12
BRDA:14,1,0,2
BRDA:16,2,0,1
BRDA:25,3,0,1
BRDA:29,4,0,2
BRDA:31,5,0,1
BRDA:35,6,0,2
BRDA:37,7,0,1
BRDA:41,8,0,3
BRDA:44,9,0,1
BRDA:51,10,0,2
BRDA:52,11,0,1
BRDA:56,12,0,2
BRDA:58,13,0,1
BRF:14
BRH:14
end_of_record
TN:
SF:src/entities/repositories/index.ts
FN:1,get
FN:2,get
FNF:2
FNH:2
FNDA:14,get
FNDA:11,get
DA:1,1
DA:2,1
LF:2
LH:2
BRDA:1,0,0,14
BRDA:2,1,0,11
BRF:2
BRH:2
end_of_record
TN:
SF:src/utils/Codes.ts
FNF:0
FNH:0
DA:1,4
DA:2,4
DA:3,4
DA:4,4
DA:5,4
DA:6,1
DA:7,1
LF:7
LH:7
BRDA:1,0,0,4
BRF:1
BRH:1
end_of_record
