TN:
SF:__tests__/bodys.ts
FNF:0
FNH:0
DA:1,1
DA:2,1
DA:3,1
DA:4,1
DA:5,1
DA:6,1
DA:7,1
DA:8,1
DA:9,1
DA:10,1
DA:11,1
DA:12,1
DA:13,1
DA:14,1
DA:15,1
DA:16,1
DA:17,1
DA:18,1
DA:19,1
DA:20,1
LF:20
LH:20
BRF:0
BRH:0
end_of_record
TN:
SF:__tests__/joiErrorFactory.ts
FN:3,joiErrorFactory
FNF:1
FNH:1
FNDA:3,joiErrorFactory
DA:1,1
DA:2,1
DA:3,1
DA:4,3
DA:5,3
DA:6,3
DA:7,3
DA:8,3
DA:9,1
DA:10,1
LF:10
LH:10
BRDA:3,0,0,3
BRF:1
BRH:1
end_of_record
TN:
SF:src/application/services/TokenService.ts
FN:17,TokenService
FN:27,generate
FN:31,validate
FNF:3
FNH:2
FNDA:1,TokenService
FNDA:1,generate
FNDA:0,validate
DA:1,1
DA:2,1
DA:3,1
DA:4,1
DA:5,1
DA:6,1
DA:7,1
DA:8,1
DA:9,1
DA:10,1
DA:11,1
DA:12,1
DA:13,1
DA:14,1
DA:15,1
DA:16,1
DA:17,1
DA:18,1
DA:19,1
DA:20,1
DA:21,1
DA:22,1
DA:23,1
DA:24,1
DA:25,1
DA:26,1
DA:27,1
DA:28,1
DA:29,1
DA:30,1
DA:31,1
DA:32,0
DA:33,0
DA:34,0
DA:35,0
DA:36,0
DA:37,0
DA:38,0
DA:39,0
DA:40,0
DA:41,0
DA:42,0
DA:43,1
DA:44,1
DA:45,1
LF:45
LH:34
BRDA:17,0,0,1
BRDA:27,1,0,1
BRF:2
BRH:2
end_of_record
TN:
SF:src/application/services/UserService.ts
FN:9,UserService
FN:20,signin
FN:28,create
FN:36,find
FN:40,findById
FN:44,update
FN:52,delete
FNF:7
FNH:7
FNDA:9,UserService
FNDA:2,signin
FNDA:2,create
FNDA:1,find
FNDA:1,findById
FNDA:2,update
FNDA:1,delete
DA:1,1
DA:2,1
DA:3,1
DA:4,1
DA:5,1
DA:6,1
DA:7,1
DA:8,1
DA:9,1
DA:10,9
DA:11,9
DA:12,9
DA:13,9
DA:14,9
DA:15,9
DA:16,9
DA:17,9
DA:18,9
DA:19,1
DA:20,1
DA:21,2
DA:22,2
DA:23,1
DA:24,1
DA:25,1
DA:26,1
DA:27,1
DA:28,1
DA:29,2
DA:30,2
DA:31,1
DA:32,1
DA:33,1
DA:34,1
DA:35,1
DA:36,1
DA:37,1
DA:38,1
DA:39,1
DA:40,1
DA:41,1
DA:42,1
DA:43,1
DA:44,1
DA:45,2
DA:46,2
DA:47,1
DA:48,1
DA:49,1
DA:50,1
DA:51,1
DA:52,1
DA:53,1
DA:54,1
DA:55,1
DA:56,1
DA:57,1
LF:57
LH:57
BRDA:9,0,0,9
BRDA:20,1,0,2
BRDA:22,2,0,1
BRDA:28,3,0,2
BRDA:30,4,0,1
BRDA:36,5,0,1
BRDA:40,6,0,1
BRDA:44,7,0,2
BRDA:46,8,0,1
BRDA:52,9,0,1
BRF:10
BRH:10
end_of_record
TN:
SF:src/application/services/index.ts
FN:1,get
FN:2,get
FNF:2
FNH:2
FNDA:1,get
FNDA:9,get
DA:1,1
DA:2,1
LF:2
LH:2
BRDA:1,0,0,1
BRDA:2,1,0,9
BRF:2
BRH:2
end_of_record
TN:
SF:src/application/validators/UserValidator.ts
FN:6,UserValidator
FN:12,create
FN:16,update
FN:20,signin
FNF:4
FNH:0
FNDA:0,UserValidator
FNDA:0,create
FNDA:0,update
FNDA:0,signin
DA:1,1
DA:2,1
DA:3,1
DA:4,1
DA:5,1
DA:6,1
DA:7,0
DA:8,0
DA:9,0
DA:10,0
DA:11,1
DA:12,1
DA:13,0
DA:14,0
DA:15,1
DA:16,1
DA:17,0
DA:18,0
DA:19,1
DA:20,1
DA:21,0
DA:22,0
DA:23,1
DA:24,1
DA:25,1
LF:25
LH:15
BRF:0
BRH:0
end_of_record
TN:
SF:src/application/validators/index.ts
FN:1,get
FNF:1
FNH:1
FNDA:1,get
DA:1,1
LF:1
LH:1
BRDA:1,0,0,1
BRF:1
BRH:1
end_of_record
TN:
SF:src/data/models/BaseModel.ts
FN:14,BaseModel
FN:19,findOne
FN:26,findAll
FN:32,create
FN:44,find
FN:49,findById
FN:59,update
FN:81,delete
FNF:8
FNH:0
FNDA:0,BaseModel
FNDA:0,findOne
FNDA:0,findAll
FNDA:0,create
FNDA:0,find
FNDA:0,findById
FNDA:0,update
FNDA:0,delete
DA:1,1
DA:2,1
DA:3,1
DA:4,1
DA:5,1
DA:6,1
DA:7,1
DA:8,1
DA:9,1
DA:10,1
DA:11,1
DA:12,1
DA:13,1
DA:14,1
DA:15,0
DA:16,0
DA:17,1
DA:18,1
DA:19,1
DA:20,0
DA:21,0
DA:22,0
DA:23,0
DA:24,0
DA:25,1
DA:26,1
DA:27,0
DA:28,0
DA:29,0
DA:30,1
DA:31,1
DA:32,1
DA:33,0
DA:34,0
DA:35,0
DA:36,0
DA:37,0
DA:38,0
DA:39,0
DA:40,0
DA:41,0
DA:42,0
DA:43,1
DA:44,1
DA:45,0
DA:46,0
DA:47,0
DA:48,1
DA:49,1
DA:50,0
DA:51,0
DA:52,0
DA:53,0
DA:54,0
DA:55,0
DA:56,0
DA:57,0
DA:58,1
DA:59,1
DA:60,0
DA:61,0
DA:62,0
DA:63,0
DA:64,0
DA:65,0
DA:66,0
DA:67,0
DA:68,0
DA:69,0
DA:70,0
DA:71,0
DA:72,0
DA:73,0
DA:74,0
DA:75,0
DA:76,0
DA:77,0
DA:78,0
DA:79,0
DA:80,1
DA:81,1
DA:82,0
DA:83,0
DA:84,0
DA:85,0
DA:86,0
DA:87,0
DA:88,0
DA:89,0
DA:90,0
DA:91,0
DA:92,0
DA:93,1
DA:94,1
DA:95,1
LF:95
LH:33
BRF:0
BRH:0
end_of_record
TN:
SF:src/data/models/TaskModel.ts
FN:7,TaskModel
FN:11,findAllByUser
FN:15,findOneByUser
FNF:3
FNH:0
FNDA:0,TaskModel
FNDA:0,findAllByUser
FNDA:0,findOneByUser
DA:1,1
DA:2,1
DA:3,1
DA:4,1
DA:5,1
DA:6,1
DA:7,1
DA:8,0
DA:9,0
DA:10,1
DA:11,1
DA:12,0
DA:13,0
DA:14,1
DA:15,1
DA:16,0
DA:17,0
DA:18,0
DA:19,0
DA:20,1
DA:21,1
DA:22,1
LF:22
LH:14
BRF:0
BRH:0
end_of_record
TN:
SF:src/data/models/UserModel.ts
FN:13,UserModel
FN:19,findByEmail
FN:23,findByCredentials
FN:29,create
FN:35,update
FNF:5
FNH:0
FNDA:0,UserModel
FNDA:0,findByEmail
FNDA:0,findByCredentials
FNDA:0,create
FNDA:0,update
DA:1,1
DA:2,1
DA:3,1
DA:4,1
DA:5,1
DA:6,1
DA:7,1
DA:8,1
DA:9,1
DA:10,1
DA:11,1
DA:12,1
DA:13,1
DA:14,0
DA:15,0
DA:16,0
DA:17,0
DA:18,1
DA:19,1
DA:20,0
DA:21,0
DA:22,1
DA:23,1
DA:24,0
DA:25,0
DA:26,0
DA:27,0
DA:28,1
DA:29,1
DA:30,0
DA:31,0
DA:32,0
DA:33,0
DA:34,1
DA:35,1
DA:36,0
DA:37,0
DA:38,0
DA:39,0
DA:40,0
DA:41,0
DA:42,0
DA:43,1
DA:44,1
DA:45,1
LF:45
LH:24
BRF:0
BRH:0
end_of_record
TN:
SF:src/data/models/index.ts
FN:1,get
FN:2,get
FNF:2
FNH:2
FNDA:1,get
FNDA:1,get
DA:1,1
DA:2,1
LF:2
LH:2
BRDA:1,0,0,1
BRDA:2,1,0,1
BRF:2
BRH:2
end_of_record
TN:
SF:src/data/structs/DataErrorStruct.ts
FN:4,DataErrorStruct
FNF:1
FNH:1
FNDA:6,DataErrorStruct
DA:1,1
DA:2,1
DA:3,1
DA:4,1
DA:5,1
DA:6,1
DA:7,1
LF:7
LH:7
BRDA:4,0,0,6
BRF:1
BRH:1
end_of_record
TN:
SF:src/entities/builders/RequestErrorBuilder.ts
FN:6,RequestErrorBuilder
FNF:1
FNH:1
FNDA:3,RequestErrorBuilder
DA:1,1
DA:2,1
DA:3,1
DA:4,1
DA:5,1
DA:6,1
DA:7,3
DA:8,3
DA:9,3
DA:10,1
DA:11,1
DA:12,1
LF:12
LH:12
BRDA:6,0,0,3
BRF:1
BRH:1
end_of_record
TN:
SF:src/entities/repositories/UserRepository.ts
FN:10,UserRepository
FN:15,create
FN:26,find
FN:30,findById
FN:36,findByCredentials
FN:42,update
FN:57,delete
FNF:7
FNH:7
FNDA:12,UserRepository
FNDA:2,create
FNDA:1,find
FNDA:2,findById
FNDA:2,findByCredentials
FNDA:3,update
FNDA:2,delete
DA:1,1
DA:2,1
DA:3,1
DA:4,1
DA:5,1
DA:6,1
DA:7,1
DA:8,1
DA:9,1
DA:10,1
DA:11,12
DA:12,12
DA:13,12
DA:14,1
DA:15,1
DA:16,2
DA:17,2
DA:18,1
DA:19,1
DA:20,1
DA:21,1
DA:22,1
DA:23,1
DA:24,1
DA:25,1
DA:26,1
DA:27,1
DA:28,1
DA:29,1
DA:30,1
DA:31,2
DA:32,2
DA:33,1
DA:34,1
DA:35,1
DA:36,1
DA:37,2
DA:38,2
DA:39,1
DA:40,1
DA:41,1
DA:42,1
DA:43,3
DA:44,3
DA:45,3
DA:46,1
DA:47,1
DA:48,1
DA:49,1
DA:50,1
DA:51,3
DA:52,3
DA:53,3
DA:54,1
DA:55,1
DA:56,1
DA:57,1
DA:58,2
DA:59,2
DA:60,1
DA:61,1
DA:62,1
DA:63,1
DA:64,1
LF:64
LH:64
BRDA:10,0,0,12
BRDA:15,1,0,2
BRDA:17,2,0,1
BRDA:26,3,0,1
BRDA:30,4,0,2
BRDA:32,5,0,1
BRDA:36,6,0,2
BRDA:38,7,0,1
BRDA:42,8,0,3
BRDA:45,9,0,1
BRDA:53,10,0,1
BRDA:57,11,0,2
BRDA:59,12,0,1
BRF:13
BRH:13
end_of_record
TN:
SF:src/entities/repositories/index.ts
FN:1,get
FNF:1
FNH:1
FNDA:13,get
DA:1,1
LF:1
LH:1
BRDA:1,0,0,13
BRF:1
BRH:1
end_of_record
TN:
SF:src/utils/Codes.ts
FNF:0
FNH:0
DA:1,2
DA:2,2
DA:3,2
DA:4,2
DA:5,2
DA:6,1
DA:7,1
LF:7
LH:7
BRDA:1,0,0,2
BRF:1
BRH:1
end_of_record
